<?xml version="1.0" encoding="UTF-8"?>
<!-- Generated by org.testng.reporters.JUnitReportReporter -->
<testsuite skipped="0" hostname="SupuniN" name="tests.TestsGetRequests" tests="1" failures="0" timestamp="13 Jun 2022 09:48:51 GMT" time="4.465" errors="0">
  <testcase name="runTests" time="4.465" classname="tests.TestsGetRequests"/>
</testsuite> <!-- tests.TestsGetRequests -->
